<?xml version="1.0" encoding="UTF-8"?>
<!-- Generated by org.testng.reporters.JUnitReportReporter -->
<testsuite skipped="0" hostname="DESKTOP-96T1B1J" name="tests.TestThree" tests="1" failures="0" timestamp="2021-05-06T23:49:28 IST" time="13.113" errors="0">
  <testcase name="testthree" time="13.113" classname="tests.TestThree"/>
  <system-out/>
</testsuite> <!-- tests.TestThree -->
