<?xml version="1.0" encoding="UTF-8"?>
<!-- Generated by org.testng.reporters.JUnitReportReporter -->
<testsuite skipped="0" hostname="DESKTOP-96T1B1J" name="tests.Testtwo" tests="1" failures="0" timestamp="2021-05-06T23:49:28 IST" time="13.111" errors="0">
  <testcase name="testtwo" time="13.111" classname="tests.Testtwo"/>
  <system-out/>
</testsuite> <!-- tests.Testtwo -->
