<?xml version="1.0" encoding="UTF-8"?>
<!-- Generated by org.testng.reporters.JUnitReportReporter -->
<testsuite skipped="0" hostname="DESKTOP-96T1B1J" name="tests.logintest" tests="2" failures="0" timestamp="2021-05-06T21:48:43 IST" time="36.035" errors="0">
  <testcase name="login" time="23.957" classname="tests.logintest"/>
  <system-out/>
  <testcase name="login" time="12.078" classname="tests.logintest"/>
  <system-out/>
</testsuite> <!-- tests.logintest -->
