<?xml version="1.0" encoding="UTF-8"?>
<!-- Generated by org.testng.reporters.JUnitReportReporter -->
<testsuite skipped="0" hostname="DESKTOP-96T1B1J" name="tests.TestFour" tests="1" failures="0" timestamp="2021-05-06T21:48:43 IST" time="0.001" errors="0">
  <testcase name="testfour" time="0.001" classname="tests.TestFour"/>
  <system-out/>
</testsuite> <!-- tests.TestFour -->
